#
# A fatal error has been detected by the Java Runtime Environment:
#
#  EXCEPTION_ACCESS_VIOLATION (0xc0000005) at pc=0x00007ffb85677ec0, pid=13604, tid=0x0000000000003234
#
# JRE version: Java(TM) SE Runtime Environment (8.0_231-b11) (build 1.8.0_231-b11)
# Java VM: Java HotSpot(TM) 64-Bit Server VM (25.231-b11 mixed mode windows-amd64 compressed oops)
# Problematic frame:
# C  [nvoglv64.dll+0xf97ec0]
#
# Failed to write core dump. Minidumps are not enabled by default on client versions of Windows
#
# If you would like to submit a bug report, please visit:
#   http://bugreport.java.com/bugreport/crash.jsp
# The crash happened outside the Java Virtual Machine in native code.
# See problematic frame for where to report the bug.
#

---------------  T H R E A D  ---------------

Current thread (0x0000000002ce4000):  JavaThread "main" [_thread_in_native, id=12852, stack(0x0000000002990000,0x0000000002a90000)]

siginfo: ExceptionCode=0xc0000005, reading address 0x0000000000000000

Registers:
RAX=0x0000000000000120, RBX=0x0000000000000280, RCX=0x0000000023766d64, RDX=0xffffffffdc89929c
RSP=0x0000000002a8f1c8, RBP=0x0000000000000001, RSI=0x0000000000000012, RDI=0x0000000023766d64
R8 =0x0000000000000120, R9 =0x0000000000000012, R10=0x0000000000000000, R11=0x0000000023766d64
R12=0x0000000000000000, R13=0x00007ffb846e0000, R14=0x0000000000000000, R15=0x0000000022ff5e48
RIP=0x00007ffb85677ec0, EFLAGS=0x0000000000010206

Top of Stack: (sp=0x0000000002a8f1c8)
0x0000000002a8f1c8:   00007ffb85119e9c 000000002a1a85f0
0x0000000002a8f1d8:   0000000002a8f318 0000000002ce31f0
0x0000000002a8f1e8:   00007ffb84f8a4fb 0000000000000000
0x0000000002a8f1f8:   0000000000000000 0000000000000000
0x0000000002a8f208:   000000000009810b 0000000022ff5e48
0x0000000002a8f218:   00007ffb8511adab 0000000022ff5080
0x0000000002a8f228:   0000000000000004 0000000000000012
0x0000000002a8f238:   0000000002df8497 0000000002ce4000
0x0000000002a8f248:   0000000002a8f318 000000002a1a85e8
0x0000000002a8f258:   0000000000000000 0000000002de835d
0x0000000002a8f268:   0000000002df8627 000000002a1a85f0
0x0000000002a8f278:   0000000002a8f2e8 0000000000000108
0x0000000002a8f288:   000000002a1a85f0 0000000000000012
0x0000000002a8f298:   0000000002ce4000 0000000002df8322
0x0000000002a8f2a8:   0000000002a8f2a8 000000002a1a85e8
0x0000000002a8f2b8:   0000000002a8f318 000000002a1b2fe0 

Instructions: (pc=0x00007ffb85677ec0)
0x00007ffb85677ea0:   4c 8b 02 8b 4a 08 44 0f b7 4a 0c 44 0f b6 52 0e
0x00007ffb85677eb0:   4c 89 00 89 48 08 66 44 89 48 0c 44 88 50 0e c3
0x00007ffb85677ec0:   0f 10 04 11 4c 03 c1 48 83 c1 10 41 f6 c3 0f 74
0x00007ffb85677ed0:   13 0f 28 c8 48 83 e1 f0 0f 10 04 11 48 83 c1 10 


Register to memory mapping:

RAX=0x0000000000000120 is an unknown value
RBX=0x0000000000000280 is an unknown value
RCX=0x0000000023766d64 is an unknown value
RDX=0xffffffffdc89929c is an unknown value
RSP=0x0000000002a8f1c8 is pointing into the stack for thread: 0x0000000002ce4000
RBP=0x0000000000000001 is an unknown value
RSI=0x0000000000000012 is an unknown value
RDI=0x0000000023766d64 is an unknown value
R8 =0x0000000000000120 is an unknown value
R9 =0x0000000000000012 is an unknown value
R10=0x0000000000000000 is an unknown value
R11=0x0000000023766d64 is an unknown value
R12=0x0000000000000000 is an unknown value
R13=0x00007ffb846e0000 is an unknown value
R14=0x0000000000000000 is an unknown value
R15=0x0000000022ff5e48 is an unknown value


Stack: [0x0000000002990000,0x0000000002a90000],  sp=0x0000000002a8f1c8,  free space=1020k
Native frames: (J=compiled Java code, j=interpreted, Vv=VM code, C=native code)
C  [nvoglv64.dll+0xf97ec0]
C  [nvoglv64.dll+0xa39e9c]
C  [nvoglv64.dll+0xa3adab]
C  0x0000000002df8627

Java frames: (J=compiled Java code, j=interpreted, Vv=VM code)
j  org.lwjgl.opengl.GL11C.glDrawArrays(III)V+0
j  org.lwjgl.opengl.GL11.glDrawArrays(III)V+3
j  fr.cyphall.cyphengine.component.SpriteRenderer.render(Lorg/joml/Matrix4f;)V+312
j  fr.cyphall.cyphengine.core.Scene.lambda$render$4(Lfr/cyphall/cyphengine/component/Component;)V+11
j  fr.cyphall.cyphengine.core.Scene$$Lambda$18.accept(Ljava/lang/Object;)V+8
j  java.util.ArrayList.forEach(Ljava/util/function/Consumer;)V+47
j  fr.cyphall.cyphengine.core.Scene.render()V+25
j  fr.cyphall.cyphengine.core.Scene.update()V+246
j  fr.cyphall.bullethell.Main.loop()V+24
j  fr.cyphall.cyphengine.core.Game.run()V+5
j  fr.cyphall.bullethell.Main.main([Ljava/lang/String;)V+9
v  ~StubRoutines::call_stub

---------------  P R O C E S S  ---------------

Java Threads: ( => current thread )
  0x000000001ea09800 JavaThread "Service Thread" daemon [_thread_blocked, id=5188, stack(0x0000000021220000,0x0000000021320000)]
  0x000000001e9a5000 JavaThread "C1 CompilerThread11" daemon [_thread_blocked, id=14260, stack(0x0000000021120000,0x0000000021220000)]
  0x000000001e9a2000 JavaThread "C1 CompilerThread10" daemon [_thread_blocked, id=13484, stack(0x0000000021020000,0x0000000021120000)]
  0x000000001e9a4800 JavaThread "C1 CompilerThread9" daemon [_thread_blocked, id=11460, stack(0x0000000020f20000,0x0000000021020000)]
  0x000000001e99b800 JavaThread "C1 CompilerThread8" daemon [_thread_blocked, id=14148, stack(0x0000000020d20000,0x0000000020e20000)]
  0x000000001e961800 JavaThread "C2 CompilerThread7" daemon [_thread_blocked, id=6952, stack(0x0000000020c20000,0x0000000020d20000)]
  0x000000001e95d000 JavaThread "C2 CompilerThread6" daemon [_thread_blocked, id=13320, stack(0x0000000020b20000,0x0000000020c20000)]
  0x000000001e95c000 JavaThread "C2 CompilerThread5" daemon [_thread_blocked, id=6440, stack(0x0000000020a20000,0x0000000020b20000)]
  0x000000001e953800 JavaThread "C2 CompilerThread4" daemon [_thread_blocked, id=9624, stack(0x0000000020920000,0x0000000020a20000)]
  0x000000001e93e800 JavaThread "C2 CompilerThread3" daemon [_thread_blocked, id=11652, stack(0x0000000020820000,0x0000000020920000)]
  0x000000001e93e000 JavaThread "C2 CompilerThread2" daemon [_thread_blocked, id=13284, stack(0x0000000020720000,0x0000000020820000)]
  0x000000001e93a000 JavaThread "C2 CompilerThread1" daemon [_thread_blocked, id=1480, stack(0x0000000020620000,0x0000000020720000)]
  0x000000001e937800 JavaThread "C2 CompilerThread0" daemon [_thread_blocked, id=3320, stack(0x0000000020520000,0x0000000020620000)]
  0x000000001e934800 JavaThread "Monitor Ctrl-Break" daemon [_thread_in_native, id=10124, stack(0x0000000020420000,0x0000000020520000)]
  0x000000001e7a6800 JavaThread "Attach Listener" daemon [_thread_blocked, id=13980, stack(0x0000000020320000,0x0000000020420000)]
  0x000000001e7b7000 JavaThread "Signal Dispatcher" daemon [_thread_blocked, id=9448, stack(0x0000000020220000,0x0000000020320000)]
  0x000000001cd49000 JavaThread "Finalizer" daemon [_thread_blocked, id=13048, stack(0x000000001fff0000,0x00000000200f0000)]
  0x000000001cd40800 JavaThread "Reference Handler" daemon [_thread_blocked, id=9348, stack(0x000000001fef0000,0x000000001fff0000)]
=>0x0000000002ce4000 JavaThread "main" [_thread_in_native, id=12852, stack(0x0000000002990000,0x0000000002a90000)]

Other Threads:
  0x000000001e775800 VMThread [stack: 0x000000001fdf0000,0x000000001fef0000] [id=5988]
  0x0000000021370800 WatcherThread [stack: 0x0000000021b20000,0x0000000021c20000] [id=12592]

VM state:not at safepoint (normal execution)

VM Mutex/Monitor currently owned by a thread: None

heap address: 0x00000006c1400000, size: 4076 MB, Compressed Oops mode: Zero based, Oop shift amount: 3
Narrow klass base: 0x0000000000000000, Narrow klass shift: 3
Compressed class space size: 1073741824 Address: 0x00000007c0000000

Heap:
 PSYoungGen      total 76288K, used 34224K [0x000000076b180000, 0x0000000770680000, 0x00000007c0000000)
  eden space 65536K, 52% used [0x000000076b180000,0x000000076d2ec3c0,0x000000076f180000)
  from space 10752K, 0% used [0x000000076fc00000,0x000000076fc00000,0x0000000770680000)
  to   space 10752K, 0% used [0x000000076f180000,0x000000076f180000,0x000000076fc00000)
 ParOldGen       total 175104K, used 0K [0x00000006c1400000, 0x00000006cbf00000, 0x000000076b180000)
  object space 175104K, 0% used [0x00000006c1400000,0x00000006c1400000,0x00000006cbf00000)
 Metaspace       used 12000K, capacity 12225K, committed 12544K, reserved 1060864K
  class space    used 947K, capacity 1021K, committed 1024K, reserved 1048576K

Card table byte_map: [0x00000000121a0000,0x00000000129a0000] byte_map_base: 0x000000000eb96000

Marking Bits: (ParMarkBitMap*) 0x0000000059166d90
 Begin Bits: [0x0000000013bf0000, 0x0000000017ba0000)
 End Bits:   [0x0000000017ba0000, 0x000000001bb50000)

Polling page: 0x00000000007d0000

CodeCache: size=245760Kb used=5055Kb max_used=5055Kb free=240704Kb
 bounds [0x0000000002de0000, 0x00000000032e0000, 0x0000000011de0000]
 total_blobs=1804 nmethods=822 adapters=893
 compilation: enabled

Compilation events (10 events):
Event: 1.378 Thread 0x000000001e99b800 nmethod 812 0x00000000032c8f90 code [0x00000000032c91c0, 0x00000000032c9fa8]
Event: 1.378 Thread 0x000000001e9a2000 nmethod 814 0x00000000032ca610 code [0x00000000032ca7c0, 0x00000000032cac68]
Event: 1.379 Thread 0x000000001e9a4800  816       3       java.lang.invoke.LambdaForm$Name::<init> (194 bytes)
Event: 1.379 Thread 0x000000001e9a5000  817       3       java.lang.invoke.LambdaForm$NamedFunction::returnType (11 bytes)
Event: 1.379 Thread 0x000000001e99b800  818       3       java.util.AbstractCollection::<init> (5 bytes)
Event: 1.379 Thread 0x000000001e99b800 nmethod 818 0x00000000032caf90 code [0x00000000032cb0e0, 0x00000000032cb290]
Event: 1.379 Thread 0x000000001e9a5000 nmethod 817 0x00000000032cb350 code [0x00000000032cb500, 0x00000000032cbbb8]
Event: 1.379 Thread 0x000000001e9a4800 nmethod 816 0x00000000032cbe50 code [0x00000000032cc040, 0x00000000032cc958]
Event: 1.394 Thread 0x000000001e9a2000  820       1       java.lang.reflect.Field::getName (5 bytes)
Event: 1.394 Thread 0x000000001e9a2000 nmethod 820 0x00000000032cda90 code [0x00000000032cdbe0, 0x00000000032cdcf0]

GC Heap History (0 events):
No events

Deoptimization events (1 events):
Event: 0.170 Thread 0x0000000002ce4000 Uncommon trap: reason=null_check action=make_not_entrant pc=0x000000000312b4dc method=java.lang.String.equals(Ljava/lang/Object;)Z @ 8

Classes redefined (0 events):
No events

Internal exceptions (10 events):
Event: 0.181 Thread 0x0000000002ce4000 Exception <a 'sun/nio/fs/WindowsException'> (0x000000076bdf7a58) thrown at [C:\re\workspace\8-2-build-windows-amd64-cygwin\jdk8u231\13620\hotspot\src\share\vm\prims\jni.cpp, line 710]
Event: 0.182 Thread 0x0000000002ce4000 Exception <a 'sun/nio/fs/WindowsException'> (0x000000076bdf9540) thrown at [C:\re\workspace\8-2-build-windows-amd64-cygwin\jdk8u231\13620\hotspot\src\share\vm\prims\jni.cpp, line 710]
Event: 0.195 Thread 0x0000000002ce4000 Exception <a 'sun/nio/fs/WindowsException'> (0x000000076be82f68) thrown at [C:\re\workspace\8-2-build-windows-amd64-cygwin\jdk8u231\13620\hotspot\src\share\vm\prims\jni.cpp, line 710]
Event: 0.195 Thread 0x0000000002ce4000 Exception <a 'sun/nio/fs/WindowsException'> (0x000000076be83670) thrown at [C:\re\workspace\8-2-build-windows-amd64-cygwin\jdk8u231\13620\hotspot\src\share\vm\prims\jni.cpp, line 710]
Event: 1.073 Thread 0x0000000002ce4000 Exception <a 'sun/nio/fs/WindowsException'> (0x000000076c0bc6f8) thrown at [C:\re\workspace\8-2-build-windows-amd64-cygwin\jdk8u231\13620\hotspot\src\share\vm\prims\jni.cpp, line 710]
Event: 1.073 Thread 0x0000000002ce4000 Exception <a 'sun/nio/fs/WindowsException'> (0x000000076c0bce60) thrown at [C:\re\workspace\8-2-build-windows-amd64-cygwin\jdk8u231\13620\hotspot\src\share\vm\prims\jni.cpp, line 710]
Event: 1.074 Thread 0x0000000002ce4000 Exception <a 'sun/nio/fs/WindowsException'> (0x000000076c0c7fd8) thrown at [C:\re\workspace\8-2-build-windows-amd64-cygwin\jdk8u231\13620\hotspot\src\share\vm\prims\jni.cpp, line 710]
Event: 1.074 Thread 0x0000000002ce4000 Exception <a 'sun/nio/fs/WindowsException'> (0x000000076c0c85f8) thrown at [C:\re\workspace\8-2-build-windows-amd64-cygwin\jdk8u231\13620\hotspot\src\share\vm\prims\jni.cpp, line 710]
Event: 1.327 Thread 0x0000000002ce4000 Exception <a 'sun/nio/fs/WindowsException'> (0x000000076cda2ca8) thrown at [C:\re\workspace\8-2-build-windows-amd64-cygwin\jdk8u231\13620\hotspot\src\share\vm\prims\jni.cpp, line 710]
Event: 1.327 Thread 0x0000000002ce4000 Exception <a 'sun/nio/fs/WindowsException'> (0x000000076cda33d8) thrown at [C:\re\workspace\8-2-build-windows-amd64-cygwin\jdk8u231\13620\hotspot\src\share\vm\prims\jni.cpp, line 710]

Events (10 events):
Event: 1.422 loading class org/joml/Vector3ic
Event: 1.422 loading class org/joml/Vector3ic done
Event: 1.423 loading class org/joml/Vector2d
Event: 1.423 loading class org/joml/Vector2d done
Event: 1.423 loading class org/joml/Vector2dc
Event: 1.423 loading class org/joml/Vector2dc done
Event: 1.424 loading class org/joml/Quaternionf
Event: 1.424 loading class org/joml/Quaternionf done
Event: 1.424 loading class org/joml/Quaternionfc
Event: 1.424 loading class org/joml/Quaternionfc done


Dynamic libraries:
0x00007ff6ee5b0000 - 0x00007ff6ee5e7000 	C:\Program Files\Java\jdk1.8.0_231\bin\java.exe
0x00007ffc10960000 - 0x00007ffc10b50000 	C:\WINDOWS\SYSTEM32\ntdll.dll
0x00007ffc0fee0000 - 0x00007ffc0ff92000 	C:\WINDOWS\System32\KERNEL32.DLL
0x00007ffc0e210000 - 0x00007ffc0e4b3000 	C:\WINDOWS\System32\KERNELBASE.dll
0x00007ffc0edc0000 - 0x00007ffc0ee63000 	C:\WINDOWS\System32\ADVAPI32.dll
0x00007ffc0ea40000 - 0x00007ffc0eade000 	C:\WINDOWS\System32\msvcrt.dll
0x00007ffc102f0000 - 0x00007ffc10387000 	C:\WINDOWS\System32\sechost.dll
0x00007ffc0eca0000 - 0x00007ffc0edc0000 	C:\WINDOWS\System32\RPCRT4.dll
0x00007ffc0eb00000 - 0x00007ffc0ec94000 	C:\WINDOWS\System32\USER32.dll
0x00007ffc0d950000 - 0x00007ffc0d971000 	C:\WINDOWS\System32\win32u.dll
0x00007ffc0ea10000 - 0x00007ffc0ea36000 	C:\WINDOWS\System32\GDI32.dll
0x00007ffc0e640000 - 0x00007ffc0e7d4000 	C:\WINDOWS\System32\gdi32full.dll
0x00007ffc0e170000 - 0x00007ffc0e20e000 	C:\WINDOWS\System32\msvcp_win.dll
0x00007ffc0e4c0000 - 0x00007ffc0e5ba000 	C:\WINDOWS\System32\ucrtbase.dll
0x00007ffc02af0000 - 0x00007ffc02d75000 	C:\WINDOWS\WinSxS\amd64_microsoft.windows.common-controls_6595b64144ccf1df_6.0.18362.476_none_e6c4b11b130f2595\COMCTL32.dll
0x00007ffc10390000 - 0x00007ffc106c6000 	C:\WINDOWS\System32\combase.dll
0x00007ffc0e5c0000 - 0x00007ffc0e640000 	C:\WINDOWS\System32\bcryptPrimitives.dll
0x00007ffc10740000 - 0x00007ffc1076e000 	C:\WINDOWS\System32\IMM32.DLL
0x00000000591f0000 - 0x00000000592c2000 	C:\Program Files\Java\jdk1.8.0_231\jre\bin\msvcr100.dll
0x0000000058940000 - 0x00000000591e6000 	C:\Program Files\Java\jdk1.8.0_231\jre\bin\server\jvm.dll
0x00007ffc10070000 - 0x00007ffc10078000 	C:\WINDOWS\System32\PSAPI.DLL
0x00007ffc089e0000 - 0x00007ffc089e9000 	C:\WINDOWS\SYSTEM32\WSOCK32.dll
0x00007ffc0b350000 - 0x00007ffc0b374000 	C:\WINDOWS\SYSTEM32\WINMM.dll
0x00007ffc07f70000 - 0x00007ffc07f7a000 	C:\WINDOWS\SYSTEM32\VERSION.dll
0x00007ffc10280000 - 0x00007ffc102ef000 	C:\WINDOWS\System32\WS2_32.dll
0x00007ffc0b320000 - 0x00007ffc0b34d000 	C:\WINDOWS\SYSTEM32\WINMMBASE.dll
0x00007ffc0e100000 - 0x00007ffc0e14a000 	C:\WINDOWS\System32\cfgmgr32.dll
0x00007ffbe85d0000 - 0x00007ffbe85df000 	C:\Program Files\Java\jdk1.8.0_231\jre\bin\verify.dll
0x00007ffbcf430000 - 0x00007ffbcf459000 	C:\Program Files\Java\jdk1.8.0_231\jre\bin\java.dll
0x00007ffb90350000 - 0x00007ffb90373000 	C:\Program Files\Java\jdk1.8.0_231\jre\bin\instrument.dll
0x00007ffbcf410000 - 0x00007ffbcf426000 	C:\Program Files\Java\jdk1.8.0_231\jre\bin\zip.dll
0x00007ffc0f4f0000 - 0x00007ffc0fbd5000 	C:\WINDOWS\System32\SHELL32.dll
0x00007ffc10150000 - 0x00007ffc101f9000 	C:\WINDOWS\System32\shcore.dll
0x00007ffc0d980000 - 0x00007ffc0e0fe000 	C:\WINDOWS\System32\windows.storage.dll
0x00007ffc0d890000 - 0x00007ffc0d8af000 	C:\WINDOWS\System32\profapi.dll
0x00007ffc0d840000 - 0x00007ffc0d88a000 	C:\WINDOWS\System32\powrprof.dll
0x00007ffc0d830000 - 0x00007ffc0d840000 	C:\WINDOWS\System32\UMPDC.dll
0x00007ffc0fe80000 - 0x00007ffc0fed2000 	C:\WINDOWS\System32\shlwapi.dll
0x00007ffc0d8b0000 - 0x00007ffc0d8c1000 	C:\WINDOWS\System32\kernel.appcore.dll
0x00007ffc0e150000 - 0x00007ffc0e167000 	C:\WINDOWS\System32\cryptsp.dll
0x00007ffb90220000 - 0x00007ffb9023a000 	C:\Program Files\JetBrains\apps\IDEA-U\ch-0\192.7142.36\bin\breakgen64.dll
0x00007ffbcf3f0000 - 0x00007ffbcf40a000 	C:\Program Files\Java\jdk1.8.0_231\jre\bin\net.dll
0x00007ffc0d0a0000 - 0x00007ffc0d107000 	C:\WINDOWS\system32\mswsock.dll
0x00007ffb90180000 - 0x00007ffb90192000 	C:\Program Files\Java\jdk1.8.0_231\jre\bin\nio.dll
0x00007ffb901b0000 - 0x00007ffb90214000 	C:\Users\Cyphall\AppData\Local\Temp\lwjglCyphall\3.2.3-build-13\lwjgl.dll
0x00007ffb8a720000 - 0x00007ffb8a782000 	C:\Users\Cyphall\AppData\Local\Temp\lwjglCyphall\3.2.3-build-13\glfw.dll
0x00007ffc0bb90000 - 0x00007ffc0bc29000 	C:\WINDOWS\system32\uxtheme.dll
0x00007ffb8a6d0000 - 0x00007ffb8a713000 	C:\WINDOWS\SYSTEM32\dinput8.dll
0x00007ffbfd430000 - 0x00007ffbfd441000 	C:\WINDOWS\SYSTEM32\xinput1_4.dll
0x00007ffc0d630000 - 0x00007ffc0d65a000 	C:\WINDOWS\SYSTEM32\DEVOBJ.dll
0x00007ffc0c1a0000 - 0x00007ffc0c1cd000 	C:\WINDOWS\SYSTEM32\dwmapi.dll
0x00007ffc01ae0000 - 0x00007ffc01bfa000 	C:\WINDOWS\SYSTEM32\inputhost.dll
0x00007ffc0b380000 - 0x00007ffc0b454000 	C:\WINDOWS\SYSTEM32\CoreMessaging.dll
0x00007ffc091b0000 - 0x00007ffc09303000 	C:\WINDOWS\SYSTEM32\wintypes.dll
0x00007ffc09370000 - 0x00007ffc0969a000 	C:\WINDOWS\SYSTEM32\CoreUIComponents.dll
0x00007ffc09ff0000 - 0x00007ffc0a0df000 	C:\WINDOWS\SYSTEM32\PROPSYS.dll
0x00007ffc10080000 - 0x00007ffc10144000 	C:\WINDOWS\System32\OLEAUT32.dll
0x00007ffc0c890000 - 0x00007ffc0c8c1000 	C:\WINDOWS\SYSTEM32\ntmarta.dll
0x00007ffc0fbe0000 - 0x00007ffc0fd16000 	C:\WINDOWS\System32\MSCTF.dll
0x00007ffc0c440000 - 0x00007ffc0c44e000 	C:\WINDOWS\SYSTEM32\HID.DLL
0x00007ffc0ef30000 - 0x00007ffc0f3a0000 	C:\WINDOWS\System32\SETUPAPI.DLL
0x00007ffc0e890000 - 0x00007ffc0e8b6000 	C:\WINDOWS\System32\bcrypt.dll
0x00007ffc0d8f0000 - 0x00007ffc0d94c000 	C:\WINDOWS\System32\WINTRUST.dll
0x00007ffc0d8d0000 - 0x00007ffc0d8e2000 	C:\WINDOWS\System32\MSASN1.dll
0x00007ffc0e8c0000 - 0x00007ffc0ea09000 	C:\WINDOWS\System32\CRYPT32.dll
0x00007ffbceea0000 - 0x00007ffbceff6000 	C:\WINDOWS\SYSTEM32\opengl32.dll
0x00007ffbfcda0000 - 0x00007ffbfcdcc000 	C:\WINDOWS\SYSTEM32\GLU32.dll
0x00007ffc0c4a0000 - 0x00007ffc0c4c0000 	C:\WINDOWS\SYSTEM32\dxcore.dll
0x00007ffb846e0000 - 0x00007ffb86dac000 	C:\WINDOWS\System32\DriverStore\FileRepository\nv_dispi.inf_amd64_93eff437a314841a\nvoglv64.dll
0x00007ffc0fd20000 - 0x00007ffc0fe76000 	C:\WINDOWS\System32\ole32.dll
0x00007ffc0a1b0000 - 0x00007ffc0a1c3000 	C:\WINDOWS\SYSTEM32\WTSAPI32.dll
0x00007ffc020f0000 - 0x00007ffc023b2000 	C:\WINDOWS\system32\nvspcap64.dll
0x00007ffc0c900000 - 0x00007ffc0c95c000 	C:\WINDOWS\SYSTEM32\WINSTA.dll
0x00007ffb8a670000 - 0x00007ffb8a6c9000 	C:\Users\Cyphall\AppData\Local\Temp\lwjglCyphall\3.2.3-build-13\lwjgl_opengl.dll
0x00007ffc01c00000 - 0x00007ffc01c9e000 	C:\WINDOWS\System32\TextInputFramework.dll
0x00007ffc00650000 - 0x00007ffc008f6000 	C:\WINDOWS\System32\iertutil.dll
0x00007ffb8a5f0000 - 0x00007ffb8a667000 	C:\Users\Cyphall\AppData\Local\Temp\lwjglCyphall\3.2.3-build-13\lwjgl_stb.dll
0x00007ffbfaf40000 - 0x00007ffbfb134000 	C:\WINDOWS\SYSTEM32\dbghelp.dll

VM Arguments:
jvm_args: -javaagent:C:\Program Files\JetBrains\apps\IDEA-U\ch-0\192.7142.36\lib\idea_rt.jar=52753:C:\Program Files\JetBrains\apps\IDEA-U\ch-0\192.7142.36\bin -Dfile.encoding=UTF-8 
java_command: fr.cyphall.bullethell.Main
java_class_path (initial): C:\Program Files\Java\jdk1.8.0_231\jre\lib\charsets.jar;C:\Program Files\Java\jdk1.8.0_231\jre\lib\deploy.jar;C:\Program Files\Java\jdk1.8.0_231\jre\lib\ext\access-bridge-64.jar;C:\Program Files\Java\jdk1.8.0_231\jre\lib\ext\cldrdata.jar;C:\Program Files\Java\jdk1.8.0_231\jre\lib\ext\dnsns.jar;C:\Program Files\Java\jdk1.8.0_231\jre\lib\ext\jaccess.jar;C:\Program Files\Java\jdk1.8.0_231\jre\lib\ext\jfxrt.jar;C:\Program Files\Java\jdk1.8.0_231\jre\lib\ext\localedata.jar;C:\Program Files\Java\jdk1.8.0_231\jre\lib\ext\nashorn.jar;C:\Program Files\Java\jdk1.8.0_231\jre\lib\ext\sunec.jar;C:\Program Files\Java\jdk1.8.0_231\jre\lib\ext\sunjce_provider.jar;C:\Program Files\Java\jdk1.8.0_231\jre\lib\ext\sunmscapi.jar;C:\Program Files\Java\jdk1.8.0_231\jre\lib\ext\sunpkcs11.jar;C:\Program Files\Java\jdk1.8.0_231\jre\lib\ext\zipfs.jar;C:\Program Files\Java\jdk1.8.0_231\jre\lib\javaws.jar;C:\Program Files\Java\jdk1.8.0_231\jre\lib\jce.jar;C:\Program Files\Java\jdk1.8.0_231\jre\lib\jfr.jar;C:\Program Files\Java\jdk1.8.0_231\jre\lib\jfxswt.jar;C:\Program Files\Java\jdk1.8.0_231\jre\lib\jsse.jar;C:\Program Files\Java\jdk1.8.0_231\jre\lib\management-agent.jar;C:\Program Files\Java\jdk1.8.0_231\jre\lib\plugin.jar;C:\Program Files\Java\jdk1.8.0_231\jre\lib\resources.jar;C:\Program Files\Java\jdk1.8.0_231\jre\lib\rt.jar;C:\Users\Cyphall\Projects\Java\BulletHell\target\classes;C:\Users\Cyphall\.m2\repository\org\lwjgl\lwjgl\3.2.3\lwjgl-3.2.3.jar;C:\Users\Cyphall\.m2\repository\org\lwjgl\lwjgl-assimp\3.2.3\lwjgl-assimp-3.2.3.jar;C:\Users\Cyphall\.m2\repository\org\lwjgl\lwjgl-bgfx\3.2.3\lwjgl-bgfx-3.2.3.jar;C:\Users\Cyphall\.m2\repository\org\lwjgl\lwjgl-glfw\3.2.3\lwjgl-glfw-3.2.3.jar;C:\Users\Cyphall\.m2\repository\org\lwjgl\lwjgl-nanovg\3.2.3\lwjgl-nanovg-3.2.3.jar;C:\Users\Cyphall\.m2\repository\org\lwjgl\lwjgl-nuklear\3.2.3\lwjgl-nuklear-3.2.3.jar;C:\Users\Cyphall\.m2\repository\org\lwjgl\lwjgl-openal\3.2.3\lwjgl-openal-3.2.3.jar;C:\Users\Cyphall\.m2\rep
Launcher Type: SUN_STANDARD

Environment Variables:
PATH=C:\Program Files\Python38\Scripts\;C:\Program Files\Python38\;C:\Program Files (x86)\Common Files\Oracle\Java\javapath;C:\Program Files\NVIDIA GPU Computing Toolkit\CUDA\v10.0\bin;C:\Program Files\NVIDIA GPU Computing Toolkit\CUDA\v10.0\libnvvp;C:\Windows\system32;C:\Windows;C:\Windows\System32\Wbem;C:\Windows\System32\WindowsPowerShell\v1.0\;C:\Program Files\NVIDIA Corporation\NVIDIA NvDLISR;C:\WINDOWS\system32;C:\WINDOWS;C:\WINDOWS\System32\Wbem;C:\WINDOWS\System32\WindowsPowerShell\v1.0\;C:\WINDOWS\System32\OpenSSH\;C:\Program Files\dotnet\;C:\Program Files\Git\cmd;C:\Users\Cyphall\.cargo\bin;C:\Users\Cyphall\AppData\Local\Microsoft\WindowsApps;C:\Users\Cyphall\AppData\Local\Microsoft\WindowsApps;C:\Program Files\JetBrains\JetBrains Rider 2019.2.2\bin;C:\Program Files\JetBrains\WebStorm 2019.2.3\bin
USERNAME=Cyphall
OS=Windows_NT
PROCESSOR_IDENTIFIER=AMD64 Family 23 Model 8 Stepping 2, AuthenticAMD



---------------  S Y S T E M  ---------------

OS: Windows 10.0 , 64 bit Build 18362 (10.0.18362.329)

CPU:total 16 (initial active 16) (16 cores per cpu, 1 threads per core) family 23 model 8 stepping 2, cmov, cx8, fxsr, mmx, sse, sse2, sse3, ssse3, sse4.1, sse4.2, popcnt, avx, avx2, aes, clmul, mmxext, 3dnowpref, lzcnt, sse4a, tsc, tscinvbit, tscinv, bmi1

Memory: 4k page, physical 16691960k(9697628k free), swap 19182328k(7414292k free)

vm_info: Java HotSpot(TM) 64-Bit Server VM (25.231-b11) for windows-amd64 JRE (1.8.0_231-b11), built on Oct  5 2019 03:11:30 by "java_re" with MS VC++ 10.0 (VS2010)

time: Wed Nov 20 03:17:14 2019
timezone: Paris, Madrid
elapsed time: 1 seconds (0d 0h 0m 1s)

