#
# A fatal error has been detected by the Java Runtime Environment:
#
#  EXCEPTION_ACCESS_VIOLATION (0xc0000005) at pc=0x00007ffb85677dd5, pid=10252, tid=0x00000000000037c8
#
# JRE version: Java(TM) SE Runtime Environment (8.0_231-b11) (build 1.8.0_231-b11)
# Java VM: Java HotSpot(TM) 64-Bit Server VM (25.231-b11 mixed mode windows-amd64 compressed oops)
# Problematic frame:
# C  [nvoglv64.dll+0xf97dd5]
#
# Failed to write core dump. Minidumps are not enabled by default on client versions of Windows
#
# If you would like to submit a bug report, please visit:
#   http://bugreport.java.com/bugreport/crash.jsp
# The crash happened outside the Java Virtual Machine in native code.
# See problematic frame for where to report the bug.
#

---------------  T H R E A D  ---------------

Current thread (0x00000000032d4000):  JavaThread "main" [_thread_in_native, id=14280, stack(0x0000000003040000,0x0000000003140000)]

siginfo: ExceptionCode=0xc0000005, reading address 0x0000000000000000

Registers:
RAX=0x0000000024078a74, RBX=0x0000000000000280, RCX=0x00007ffb85677dd5, RDX=0x0000000000000000
RSP=0x000000000313eca8, RBP=0x0000000000000001, RSI=0x0000000000000001, RDI=0x0000000024078a74
R8 =0x0000000000000010, R9 =0x00007ffb846e0000, R10=0x0000000000000000, R11=0x0000000024078a74
R12=0x0000000000000000, R13=0x00007ffb846e0000, R14=0x0000000000000000, R15=0x00000000236dee48
RIP=0x00007ffb85677dd5, EFLAGS=0x0000000000010202

Top of Stack: (sp=0x000000000313eca8)
0x000000000313eca8:   00007ffb85119e9c 000000002a8d85f0
0x000000000313ecb8:   000000000313edf8 00000000032d37f0
0x000000000313ecc8:   00007ffb84f8a4fb 0000000000000000
0x000000000313ecd8:   0000000000000000 0000000000000000
0x000000000313ece8:   000000000001010b 00000000236dee48
0x000000000313ecf8:   00007ffb8511adab 00000000236de080
0x000000000313ed08:   0000000000000004 0000000000000001
0x000000000313ed18:   00000000033e8497 00000000032d4000
0x000000000313ed28:   000000000313edf8 000000002a8d85e8
0x000000000313ed38:   0000000000000000 00000000033d835d
0x000000000313ed48:   00000000033e8627 000000002a8d85f0
0x000000000313ed58:   000000000313edc8 0000000000000108
0x000000000313ed68:   000000002a8d85f0 0000000000000001
0x000000000313ed78:   00000000032d4000 00000000033e8322
0x000000000313ed88:   000000000313ed88 000000002a8d85e8
0x000000000313ed98:   000000000313edf8 000000002a8e2fe0 

Instructions: (pc=0x00007ffb85677dd5)
0x00007ffb85677db5:   89 08 c3 48 8b 0a 48 89 08 c3 0f b7 0a 44 0f b6
0x00007ffb85677dc5:   42 02 66 89 08 44 88 40 02 c3 0f b6 0a 88 08 c3
0x00007ffb85677dd5:   f3 0f 6f 02 f3 0f 7f 00 c3 66 90 4c 8b 02 0f b7
0x00007ffb85677de5:   4a 08 44 0f b6 4a 0a 4c 89 00 66 89 48 08 44 88 


Register to memory mapping:

RAX=0x0000000024078a74 is an unknown value
RBX=0x0000000000000280 is an unknown value
RCX=0x00007ffb85677dd5 is an unknown value
RDX=0x0000000000000000 is an unknown value
RSP=0x000000000313eca8 is pointing into the stack for thread: 0x00000000032d4000
RBP=0x0000000000000001 is an unknown value
RSI=0x0000000000000001 is an unknown value
RDI=0x0000000024078a74 is an unknown value
R8 =0x0000000000000010 is an unknown value
R9 =0x00007ffb846e0000 is an unknown value
R10=0x0000000000000000 is an unknown value
R11=0x0000000024078a74 is an unknown value
R12=0x0000000000000000 is an unknown value
R13=0x00007ffb846e0000 is an unknown value
R14=0x0000000000000000 is an unknown value
R15=0x00000000236dee48 is an unknown value


Stack: [0x0000000003040000,0x0000000003140000],  sp=0x000000000313eca8,  free space=1019k
Native frames: (J=compiled Java code, j=interpreted, Vv=VM code, C=native code)
C  [nvoglv64.dll+0xf97dd5]
C  [nvoglv64.dll+0xa39e9c]
C  [nvoglv64.dll+0xa3adab]
C  0x00000000033e8627

Java frames: (J=compiled Java code, j=interpreted, Vv=VM code)
j  org.lwjgl.opengl.GL11C.glDrawArrays(III)V+0
j  org.lwjgl.opengl.GL11.glDrawArrays(III)V+3
j  fr.cyphall.cyphengine.component.SpriteRenderer.render(Lorg/joml/Matrix4f;)V+311
j  fr.cyphall.cyphengine.core.Scene.lambda$render$4(Lfr/cyphall/cyphengine/component/Component;)V+11
j  fr.cyphall.cyphengine.core.Scene$$Lambda$18.accept(Ljava/lang/Object;)V+8
j  java.util.ArrayList.forEach(Ljava/util/function/Consumer;)V+47
j  fr.cyphall.cyphengine.core.Scene.render()V+25
j  fr.cyphall.cyphengine.core.Scene.update()V+246
j  fr.cyphall.bullethell.Main.loop()V+24
j  fr.cyphall.cyphengine.core.Game.run()V+5
j  fr.cyphall.bullethell.Main.main([Ljava/lang/String;)V+9
v  ~StubRoutines::call_stub

---------------  P R O C E S S  ---------------

Java Threads: ( => current thread )
  0x000000001f073800 JavaThread "Service Thread" daemon [_thread_blocked, id=11208, stack(0x0000000021890000,0x0000000021990000)]
  0x000000001efcb000 JavaThread "C1 CompilerThread11" daemon [_thread_blocked, id=10828, stack(0x0000000021790000,0x0000000021890000)]
  0x000000001efcd800 JavaThread "C1 CompilerThread10" daemon [_thread_blocked, id=1164, stack(0x0000000021690000,0x0000000021790000)]
  0x000000001efce000 JavaThread "C1 CompilerThread9" daemon [_thread_blocked, id=400, stack(0x0000000021590000,0x0000000021690000)]
  0x000000001efd0800 JavaThread "C1 CompilerThread8" daemon [_thread_blocked, id=12000, stack(0x0000000021390000,0x0000000021490000)]
  0x000000001efcc800 JavaThread "C2 CompilerThread7" daemon [_thread_blocked, id=13972, stack(0x0000000021290000,0x0000000021390000)]
  0x000000001efcf000 JavaThread "C2 CompilerThread6" daemon [_thread_blocked, id=12212, stack(0x0000000021190000,0x0000000021290000)]
  0x000000001efd1000 JavaThread "C2 CompilerThread5" daemon [_thread_blocked, id=14008, stack(0x0000000021090000,0x0000000021190000)]
  0x000000001efa9800 JavaThread "C2 CompilerThread4" daemon [_thread_blocked, id=4424, stack(0x0000000020f90000,0x0000000021090000)]
  0x000000001ef95000 JavaThread "C2 CompilerThread3" daemon [_thread_blocked, id=12296, stack(0x0000000020e90000,0x0000000020f90000)]
  0x000000001ef8c000 JavaThread "C2 CompilerThread2" daemon [_thread_blocked, id=628, stack(0x0000000020d90000,0x0000000020e90000)]
  0x000000001ef88800 JavaThread "C2 CompilerThread1" daemon [_thread_blocked, id=2300, stack(0x0000000020c90000,0x0000000020d90000)]
  0x000000001ef85800 JavaThread "C2 CompilerThread0" daemon [_thread_blocked, id=13204, stack(0x0000000020b90000,0x0000000020c90000)]
  0x000000001ef82800 JavaThread "Monitor Ctrl-Break" daemon [_thread_in_native, id=6000, stack(0x0000000020a90000,0x0000000020b90000)]
  0x000000001edf5000 JavaThread "Attach Listener" daemon [_thread_blocked, id=12972, stack(0x0000000020990000,0x0000000020a90000)]
  0x000000001ee05000 JavaThread "Signal Dispatcher" daemon [_thread_blocked, id=3528, stack(0x0000000020890000,0x0000000020990000)]
  0x000000001d386000 JavaThread "Finalizer" daemon [_thread_blocked, id=13532, stack(0x0000000020660000,0x0000000020760000)]
  0x000000001ede6000 JavaThread "Reference Handler" daemon [_thread_blocked, id=6996, stack(0x0000000020560000,0x0000000020660000)]
=>0x00000000032d4000 JavaThread "main" [_thread_in_native, id=14280, stack(0x0000000003040000,0x0000000003140000)]

Other Threads:
  0x000000001edc5000 VMThread [stack: 0x0000000020460000,0x0000000020560000] [id=9520]
  0x000000001f117000 WatcherThread [stack: 0x0000000022190000,0x0000000022290000] [id=11100]

VM state:not at safepoint (normal execution)

VM Mutex/Monitor currently owned by a thread: None

heap address: 0x00000006c1400000, size: 4076 MB, Compressed Oops mode: Zero based, Oop shift amount: 3
Narrow klass base: 0x0000000000000000, Narrow klass shift: 3
Compressed class space size: 1073741824 Address: 0x00000007c0000000

Heap:
 PSYoungGen      total 76288K, used 34224K [0x000000076b180000, 0x0000000770680000, 0x00000007c0000000)
  eden space 65536K, 52% used [0x000000076b180000,0x000000076d2ec268,0x000000076f180000)
  from space 10752K, 0% used [0x000000076fc00000,0x000000076fc00000,0x0000000770680000)
  to   space 10752K, 0% used [0x000000076f180000,0x000000076f180000,0x000000076fc00000)
 ParOldGen       total 175104K, used 0K [0x00000006c1400000, 0x00000006cbf00000, 0x000000076b180000)
  object space 175104K, 0% used [0x00000006c1400000,0x00000006c1400000,0x00000006cbf00000)
 Metaspace       used 12000K, capacity 12225K, committed 12544K, reserved 1060864K
  class space    used 947K, capacity 1021K, committed 1024K, reserved 1048576K

Card table byte_map: [0x0000000012790000,0x0000000012f90000] byte_map_base: 0x000000000f186000

Marking Bits: (ParMarkBitMap*) 0x0000000059166d90
 Begin Bits: [0x00000000141e0000, 0x0000000018190000)
 End Bits:   [0x0000000018190000, 0x000000001c140000)

Polling page: 0x00000000017b0000

CodeCache: size=245760Kb used=5041Kb max_used=5041Kb free=240718Kb
 bounds [0x00000000033d0000, 0x00000000038c0000, 0x00000000123d0000]
 total_blobs=1802 nmethods=820 adapters=893
 compilation: enabled

Compilation events (10 events):
Event: 1.371 Thread 0x000000001efcb000 nmethod 812 0x00000000038b4310 code [0x00000000038b4460, 0x00000000038b4610]
Event: 1.371 Thread 0x000000001efce000 nmethod 810 0x00000000038b6590 code [0x00000000038b67c0, 0x00000000038b75a8]
Event: 1.371 Thread 0x000000001efcd800  813       3       jdk.internal.org.objectweb.asm.MethodWriter::visitInsn (106 bytes)
Event: 1.371 Thread 0x000000001efcd800 nmethod 813 0x00000000038b7c10 code [0x00000000038b7dc0, 0x00000000038b8268]
Event: 1.372 Thread 0x000000001efd0800  815       3       java.lang.invoke.LambdaForm$Name::<init> (194 bytes)
Event: 1.372 Thread 0x000000001efce000  816       3       java.lang.invoke.LambdaForm$NamedFunction::returnType (11 bytes)
Event: 1.372 Thread 0x000000001efce000 nmethod 816 0x00000000038b8410 code [0x00000000038b85c0, 0x00000000038b8c78]
Event: 1.372 Thread 0x000000001efd0800 nmethod 815 0x00000000038b8f10 code [0x00000000038b9100, 0x00000000038b9a18]
Event: 1.387 Thread 0x000000001efcb000  818       1       java.lang.reflect.Field::getName (5 bytes)
Event: 1.387 Thread 0x000000001efcb000 nmethod 818 0x00000000038ba9d0 code [0x00000000038bab20, 0x00000000038bac30]

GC Heap History (0 events):
No events

Deoptimization events (1 events):
Event: 0.174 Thread 0x00000000032d4000 Uncommon trap: reason=null_check action=make_not_entrant pc=0x000000000371b71c method=java.lang.String.equals(Ljava/lang/Object;)Z @ 8

Classes redefined (0 events):
No events

Internal exceptions (10 events):
Event: 0.186 Thread 0x00000000032d4000 Exception <a 'sun/nio/fs/WindowsException'> (0x000000076bdf7a88) thrown at [C:\re\workspace\8-2-build-windows-amd64-cygwin\jdk8u231\13620\hotspot\src\share\vm\prims\jni.cpp, line 710]
Event: 0.186 Thread 0x00000000032d4000 Exception <a 'sun/nio/fs/WindowsException'> (0x000000076bdf9570) thrown at [C:\re\workspace\8-2-build-windows-amd64-cygwin\jdk8u231\13620\hotspot\src\share\vm\prims\jni.cpp, line 710]
Event: 0.199 Thread 0x00000000032d4000 Exception <a 'sun/nio/fs/WindowsException'> (0x000000076be82fc0) thrown at [C:\re\workspace\8-2-build-windows-amd64-cygwin\jdk8u231\13620\hotspot\src\share\vm\prims\jni.cpp, line 710]
Event: 0.199 Thread 0x00000000032d4000 Exception <a 'sun/nio/fs/WindowsException'> (0x000000076be836c8) thrown at [C:\re\workspace\8-2-build-windows-amd64-cygwin\jdk8u231\13620\hotspot\src\share\vm\prims\jni.cpp, line 710]
Event: 1.047 Thread 0x00000000032d4000 Exception <a 'sun/nio/fs/WindowsException'> (0x000000076c0bc5a0) thrown at [C:\re\workspace\8-2-build-windows-amd64-cygwin\jdk8u231\13620\hotspot\src\share\vm\prims\jni.cpp, line 710]
Event: 1.047 Thread 0x00000000032d4000 Exception <a 'sun/nio/fs/WindowsException'> (0x000000076c0bcd08) thrown at [C:\re\workspace\8-2-build-windows-amd64-cygwin\jdk8u231\13620\hotspot\src\share\vm\prims\jni.cpp, line 710]
Event: 1.048 Thread 0x00000000032d4000 Exception <a 'sun/nio/fs/WindowsException'> (0x000000076c0c7e80) thrown at [C:\re\workspace\8-2-build-windows-amd64-cygwin\jdk8u231\13620\hotspot\src\share\vm\prims\jni.cpp, line 710]
Event: 1.048 Thread 0x00000000032d4000 Exception <a 'sun/nio/fs/WindowsException'> (0x000000076c0c84a0) thrown at [C:\re\workspace\8-2-build-windows-amd64-cygwin\jdk8u231\13620\hotspot\src\share\vm\prims\jni.cpp, line 710]
Event: 1.318 Thread 0x00000000032d4000 Exception <a 'sun/nio/fs/WindowsException'> (0x000000076cda2b50) thrown at [C:\re\workspace\8-2-build-windows-amd64-cygwin\jdk8u231\13620\hotspot\src\share\vm\prims\jni.cpp, line 710]
Event: 1.318 Thread 0x00000000032d4000 Exception <a 'sun/nio/fs/WindowsException'> (0x000000076cda3280) thrown at [C:\re\workspace\8-2-build-windows-amd64-cygwin\jdk8u231\13620\hotspot\src\share\vm\prims\jni.cpp, line 710]

Events (10 events):
Event: 1.414 loading class org/joml/Vector3ic
Event: 1.414 loading class org/joml/Vector3ic done
Event: 1.415 loading class org/joml/Vector2d
Event: 1.415 loading class org/joml/Vector2d done
Event: 1.415 loading class org/joml/Vector2dc
Event: 1.415 loading class org/joml/Vector2dc done
Event: 1.416 loading class org/joml/Quaternionf
Event: 1.416 loading class org/joml/Quaternionf done
Event: 1.417 loading class org/joml/Quaternionfc
Event: 1.417 loading class org/joml/Quaternionfc done


Dynamic libraries:
0x00007ff6ee5b0000 - 0x00007ff6ee5e7000 	C:\Program Files\Java\jdk1.8.0_231\bin\java.exe
0x00007ffc10960000 - 0x00007ffc10b50000 	C:\WINDOWS\SYSTEM32\ntdll.dll
0x00007ffc0fee0000 - 0x00007ffc0ff92000 	C:\WINDOWS\System32\KERNEL32.DLL
0x00007ffc0e210000 - 0x00007ffc0e4b3000 	C:\WINDOWS\System32\KERNELBASE.dll
0x00007ffc0edc0000 - 0x00007ffc0ee63000 	C:\WINDOWS\System32\ADVAPI32.dll
0x00007ffc0ea40000 - 0x00007ffc0eade000 	C:\WINDOWS\System32\msvcrt.dll
0x00007ffc102f0000 - 0x00007ffc10387000 	C:\WINDOWS\System32\sechost.dll
0x00007ffc0eca0000 - 0x00007ffc0edc0000 	C:\WINDOWS\System32\RPCRT4.dll
0x00007ffc0eb00000 - 0x00007ffc0ec94000 	C:\WINDOWS\System32\USER32.dll
0x00007ffc0d950000 - 0x00007ffc0d971000 	C:\WINDOWS\System32\win32u.dll
0x00007ffc0ea10000 - 0x00007ffc0ea36000 	C:\WINDOWS\System32\GDI32.dll
0x00007ffc0e640000 - 0x00007ffc0e7d4000 	C:\WINDOWS\System32\gdi32full.dll
0x00007ffc0e170000 - 0x00007ffc0e20e000 	C:\WINDOWS\System32\msvcp_win.dll
0x00007ffc0e4c0000 - 0x00007ffc0e5ba000 	C:\WINDOWS\System32\ucrtbase.dll
0x00007ffc02af0000 - 0x00007ffc02d75000 	C:\WINDOWS\WinSxS\amd64_microsoft.windows.common-controls_6595b64144ccf1df_6.0.18362.476_none_e6c4b11b130f2595\COMCTL32.dll
0x00007ffc10390000 - 0x00007ffc106c6000 	C:\WINDOWS\System32\combase.dll
0x00007ffc0e5c0000 - 0x00007ffc0e640000 	C:\WINDOWS\System32\bcryptPrimitives.dll
0x00007ffc10740000 - 0x00007ffc1076e000 	C:\WINDOWS\System32\IMM32.DLL
0x00000000591f0000 - 0x00000000592c2000 	C:\Program Files\Java\jdk1.8.0_231\jre\bin\msvcr100.dll
0x0000000058940000 - 0x00000000591e6000 	C:\Program Files\Java\jdk1.8.0_231\jre\bin\server\jvm.dll
0x00007ffc10070000 - 0x00007ffc10078000 	C:\WINDOWS\System32\PSAPI.DLL
0x00007ffc089e0000 - 0x00007ffc089e9000 	C:\WINDOWS\SYSTEM32\WSOCK32.dll
0x00007ffc0b350000 - 0x00007ffc0b374000 	C:\WINDOWS\SYSTEM32\WINMM.dll
0x00007ffc07f70000 - 0x00007ffc07f7a000 	C:\WINDOWS\SYSTEM32\VERSION.dll
0x00007ffc10280000 - 0x00007ffc102ef000 	C:\WINDOWS\System32\WS2_32.dll
0x00007ffc0b320000 - 0x00007ffc0b34d000 	C:\WINDOWS\SYSTEM32\WINMMBASE.dll
0x00007ffc0e100000 - 0x00007ffc0e14a000 	C:\WINDOWS\System32\cfgmgr32.dll
0x00007ffbe85d0000 - 0x00007ffbe85df000 	C:\Program Files\Java\jdk1.8.0_231\jre\bin\verify.dll
0x00007ffbcf430000 - 0x00007ffbcf459000 	C:\Program Files\Java\jdk1.8.0_231\jre\bin\java.dll
0x00007ffb90370000 - 0x00007ffb90393000 	C:\Program Files\Java\jdk1.8.0_231\jre\bin\instrument.dll
0x00007ffbcf410000 - 0x00007ffbcf426000 	C:\Program Files\Java\jdk1.8.0_231\jre\bin\zip.dll
0x00007ffc0f4f0000 - 0x00007ffc0fbd5000 	C:\WINDOWS\System32\SHELL32.dll
0x00007ffc10150000 - 0x00007ffc101f9000 	C:\WINDOWS\System32\shcore.dll
0x00007ffc0d980000 - 0x00007ffc0e0fe000 	C:\WINDOWS\System32\windows.storage.dll
0x00007ffc0d890000 - 0x00007ffc0d8af000 	C:\WINDOWS\System32\profapi.dll
0x00007ffc0d840000 - 0x00007ffc0d88a000 	C:\WINDOWS\System32\powrprof.dll
0x00007ffc0d830000 - 0x00007ffc0d840000 	C:\WINDOWS\System32\UMPDC.dll
0x00007ffc0fe80000 - 0x00007ffc0fed2000 	C:\WINDOWS\System32\shlwapi.dll
0x00007ffc0d8b0000 - 0x00007ffc0d8c1000 	C:\WINDOWS\System32\kernel.appcore.dll
0x00007ffc0e150000 - 0x00007ffc0e167000 	C:\WINDOWS\System32\cryptsp.dll
0x00007ffb90350000 - 0x00007ffb9036a000 	C:\Program Files\JetBrains\apps\IDEA-U\ch-0\192.7142.36\bin\breakgen64.dll
0x00007ffbcf3f0000 - 0x00007ffbcf40a000 	C:\Program Files\Java\jdk1.8.0_231\jre\bin\net.dll
0x00007ffc0d0a0000 - 0x00007ffc0d107000 	C:\WINDOWS\system32\mswsock.dll
0x00007ffb90180000 - 0x00007ffb90192000 	C:\Program Files\Java\jdk1.8.0_231\jre\bin\nio.dll
0x00007ffb901d0000 - 0x00007ffb90234000 	C:\Users\Cyphall\AppData\Local\Temp\lwjglCyphall\3.2.3-build-13\lwjgl.dll
0x00007ffb8a720000 - 0x00007ffb8a782000 	C:\Users\Cyphall\AppData\Local\Temp\lwjglCyphall\3.2.3-build-13\glfw.dll
0x00007ffc0bb90000 - 0x00007ffc0bc29000 	C:\WINDOWS\system32\uxtheme.dll
0x00007ffb8a6d0000 - 0x00007ffb8a713000 	C:\WINDOWS\SYSTEM32\dinput8.dll
0x00007ffbfd430000 - 0x00007ffbfd441000 	C:\WINDOWS\SYSTEM32\xinput1_4.dll
0x00007ffc0d630000 - 0x00007ffc0d65a000 	C:\WINDOWS\SYSTEM32\DEVOBJ.dll
0x00007ffc0c1a0000 - 0x00007ffc0c1cd000 	C:\WINDOWS\SYSTEM32\dwmapi.dll
0x00007ffc01ae0000 - 0x00007ffc01bfa000 	C:\WINDOWS\SYSTEM32\inputhost.dll
0x00007ffc0b380000 - 0x00007ffc0b454000 	C:\WINDOWS\SYSTEM32\CoreMessaging.dll
0x00007ffc091b0000 - 0x00007ffc09303000 	C:\WINDOWS\SYSTEM32\wintypes.dll
0x00007ffc09370000 - 0x00007ffc0969a000 	C:\WINDOWS\SYSTEM32\CoreUIComponents.dll
0x00007ffc09ff0000 - 0x00007ffc0a0df000 	C:\WINDOWS\SYSTEM32\PROPSYS.dll
0x00007ffc10080000 - 0x00007ffc10144000 	C:\WINDOWS\System32\OLEAUT32.dll
0x00007ffc0c890000 - 0x00007ffc0c8c1000 	C:\WINDOWS\SYSTEM32\ntmarta.dll
0x00007ffc0fbe0000 - 0x00007ffc0fd16000 	C:\WINDOWS\System32\MSCTF.dll
0x00007ffc0c440000 - 0x00007ffc0c44e000 	C:\WINDOWS\SYSTEM32\HID.DLL
0x00007ffc0ef30000 - 0x00007ffc0f3a0000 	C:\WINDOWS\System32\SETUPAPI.DLL
0x00007ffc0e890000 - 0x00007ffc0e8b6000 	C:\WINDOWS\System32\bcrypt.dll
0x00007ffc0d8f0000 - 0x00007ffc0d94c000 	C:\WINDOWS\System32\WINTRUST.dll
0x00007ffc0d8d0000 - 0x00007ffc0d8e2000 	C:\WINDOWS\System32\MSASN1.dll
0x00007ffc0e8c0000 - 0x00007ffc0ea09000 	C:\WINDOWS\System32\CRYPT32.dll
0x00007ffbceea0000 - 0x00007ffbceff6000 	C:\WINDOWS\SYSTEM32\opengl32.dll
0x00007ffbfcda0000 - 0x00007ffbfcdcc000 	C:\WINDOWS\SYSTEM32\GLU32.dll
0x00007ffc0c4a0000 - 0x00007ffc0c4c0000 	C:\WINDOWS\SYSTEM32\dxcore.dll
0x00007ffb846e0000 - 0x00007ffb86dac000 	C:\WINDOWS\System32\DriverStore\FileRepository\nv_dispi.inf_amd64_93eff437a314841a\nvoglv64.dll
0x00007ffc0fd20000 - 0x00007ffc0fe76000 	C:\WINDOWS\System32\ole32.dll
0x00007ffc0a1b0000 - 0x00007ffc0a1c3000 	C:\WINDOWS\SYSTEM32\WTSAPI32.dll
0x00007ffc020f0000 - 0x00007ffc023b2000 	C:\WINDOWS\system32\nvspcap64.dll
0x00007ffc0c900000 - 0x00007ffc0c95c000 	C:\WINDOWS\SYSTEM32\WINSTA.dll
0x00007ffb8a670000 - 0x00007ffb8a6c9000 	C:\Users\Cyphall\AppData\Local\Temp\lwjglCyphall\3.2.3-build-13\lwjgl_opengl.dll
0x00007ffc01c00000 - 0x00007ffc01c9e000 	C:\WINDOWS\System32\TextInputFramework.dll
0x00007ffc00650000 - 0x00007ffc008f6000 	C:\WINDOWS\System32\iertutil.dll
0x00007ffb8a5f0000 - 0x00007ffb8a667000 	C:\Users\Cyphall\AppData\Local\Temp\lwjglCyphall\3.2.3-build-13\lwjgl_stb.dll
0x00007ffbfaf40000 - 0x00007ffbfb134000 	C:\WINDOWS\SYSTEM32\dbghelp.dll

VM Arguments:
jvm_args: -javaagent:C:\Program Files\JetBrains\apps\IDEA-U\ch-0\192.7142.36\lib\idea_rt.jar=52794:C:\Program Files\JetBrains\apps\IDEA-U\ch-0\192.7142.36\bin -Dfile.encoding=UTF-8 
java_command: fr.cyphall.bullethell.Main
java_class_path (initial): C:\Program Files\Java\jdk1.8.0_231\jre\lib\charsets.jar;C:\Program Files\Java\jdk1.8.0_231\jre\lib\deploy.jar;C:\Program Files\Java\jdk1.8.0_231\jre\lib\ext\access-bridge-64.jar;C:\Program Files\Java\jdk1.8.0_231\jre\lib\ext\cldrdata.jar;C:\Program Files\Java\jdk1.8.0_231\jre\lib\ext\dnsns.jar;C:\Program Files\Java\jdk1.8.0_231\jre\lib\ext\jaccess.jar;C:\Program Files\Java\jdk1.8.0_231\jre\lib\ext\jfxrt.jar;C:\Program Files\Java\jdk1.8.0_231\jre\lib\ext\localedata.jar;C:\Program Files\Java\jdk1.8.0_231\jre\lib\ext\nashorn.jar;C:\Program Files\Java\jdk1.8.0_231\jre\lib\ext\sunec.jar;C:\Program Files\Java\jdk1.8.0_231\jre\lib\ext\sunjce_provider.jar;C:\Program Files\Java\jdk1.8.0_231\jre\lib\ext\sunmscapi.jar;C:\Program Files\Java\jdk1.8.0_231\jre\lib\ext\sunpkcs11.jar;C:\Program Files\Java\jdk1.8.0_231\jre\lib\ext\zipfs.jar;C:\Program Files\Java\jdk1.8.0_231\jre\lib\javaws.jar;C:\Program Files\Java\jdk1.8.0_231\jre\lib\jce.jar;C:\Program Files\Java\jdk1.8.0_231\jre\lib\jfr.jar;C:\Program Files\Java\jdk1.8.0_231\jre\lib\jfxswt.jar;C:\Program Files\Java\jdk1.8.0_231\jre\lib\jsse.jar;C:\Program Files\Java\jdk1.8.0_231\jre\lib\management-agent.jar;C:\Program Files\Java\jdk1.8.0_231\jre\lib\plugin.jar;C:\Program Files\Java\jdk1.8.0_231\jre\lib\resources.jar;C:\Program Files\Java\jdk1.8.0_231\jre\lib\rt.jar;C:\Users\Cyphall\Projects\Java\BulletHell\target\classes;C:\Users\Cyphall\.m2\repository\org\lwjgl\lwjgl\3.2.3\lwjgl-3.2.3.jar;C:\Users\Cyphall\.m2\repository\org\lwjgl\lwjgl-assimp\3.2.3\lwjgl-assimp-3.2.3.jar;C:\Users\Cyphall\.m2\repository\org\lwjgl\lwjgl-bgfx\3.2.3\lwjgl-bgfx-3.2.3.jar;C:\Users\Cyphall\.m2\repository\org\lwjgl\lwjgl-glfw\3.2.3\lwjgl-glfw-3.2.3.jar;C:\Users\Cyphall\.m2\repository\org\lwjgl\lwjgl-nanovg\3.2.3\lwjgl-nanovg-3.2.3.jar;C:\Users\Cyphall\.m2\repository\org\lwjgl\lwjgl-nuklear\3.2.3\lwjgl-nuklear-3.2.3.jar;C:\Users\Cyphall\.m2\repository\org\lwjgl\lwjgl-openal\3.2.3\lwjgl-openal-3.2.3.jar;C:\Users\Cyphall\.m2\rep
Launcher Type: SUN_STANDARD

Environment Variables:
PATH=C:\Program Files\Python38\Scripts\;C:\Program Files\Python38\;C:\Program Files (x86)\Common Files\Oracle\Java\javapath;C:\Program Files\NVIDIA GPU Computing Toolkit\CUDA\v10.0\bin;C:\Program Files\NVIDIA GPU Computing Toolkit\CUDA\v10.0\libnvvp;C:\Windows\system32;C:\Windows;C:\Windows\System32\Wbem;C:\Windows\System32\WindowsPowerShell\v1.0\;C:\Program Files\NVIDIA Corporation\NVIDIA NvDLISR;C:\WINDOWS\system32;C:\WINDOWS;C:\WINDOWS\System32\Wbem;C:\WINDOWS\System32\WindowsPowerShell\v1.0\;C:\WINDOWS\System32\OpenSSH\;C:\Program Files\dotnet\;C:\Program Files\Git\cmd;C:\Users\Cyphall\.cargo\bin;C:\Users\Cyphall\AppData\Local\Microsoft\WindowsApps;C:\Users\Cyphall\AppData\Local\Microsoft\WindowsApps;C:\Program Files\JetBrains\JetBrains Rider 2019.2.2\bin;C:\Program Files\JetBrains\WebStorm 2019.2.3\bin
USERNAME=Cyphall
OS=Windows_NT
PROCESSOR_IDENTIFIER=AMD64 Family 23 Model 8 Stepping 2, AuthenticAMD



---------------  S Y S T E M  ---------------

OS: Windows 10.0 , 64 bit Build 18362 (10.0.18362.329)

CPU:total 16 (initial active 16) (16 cores per cpu, 1 threads per core) family 23 model 8 stepping 2, cmov, cx8, fxsr, mmx, sse, sse2, sse3, ssse3, sse4.1, sse4.2, popcnt, avx, avx2, aes, clmul, mmxext, 3dnowpref, lzcnt, sse4a, tsc, tscinvbit, tscinv, bmi1

Memory: 4k page, physical 16691960k(9594232k free), swap 19182328k(7279404k free)

vm_info: Java HotSpot(TM) 64-Bit Server VM (25.231-b11) for windows-amd64 JRE (1.8.0_231-b11), built on Oct  5 2019 03:11:30 by "java_re" with MS VC++ 10.0 (VS2010)

time: Wed Nov 20 03:18:46 2019
timezone: Paris, Madrid
elapsed time: 1 seconds (0d 0h 0m 1s)

